[GET] https://vzvlwcmbvcdcjjhvtcim.supabase.co/rest/v1/site_settings?select=value&key=eq.google_analytics_id => [200] 
[POST] https://vzvlwcmbvcdcjjhvtcim.supabase.co/auth/v1/token?grant_type=password => [200] 
[GET] https://vzvlwcmbvcdcjjhvtcim.supabase.co/rest/v1/products?select=*&order=created_at.desc => [200] 
[GET] https://vzvlwcmbvcdcjjhvtcim.supabase.co/rest/v1/orders?select=*&order=created_at.desc&offset=0&limit=30 => [200] 
[GET] https://vzvlwcmbvcdcjjhvtcim.supabase.co/rest/v1/reviews?select=*%2Cproducts%28id%2Cname%29&order=created_at.desc => [200] 
[GET] https://vzvlwcmbvcdcjjhvtcim.supabase.co/rest/v1/products?select=*&order=created_at.desc => [200] 
[GET] https://vzvlwcmbvcdcjjhvtcim.supabase.co/rest/v1/blogs?select=*&order=created_at.desc => [200] 
[GET] https://vzvlwcmbvcdcjjhvtcim.supabase.co/rest/v1/site_settings?select=value&key=eq.google_analytics_id => [200] 
[GET] https://vzvlwcmbvcdcjjhvtcim.supabase.co/rest/v1/site_settings?select=value&key=eq.hero_images => [200] 
[GET] https://vzvlwcmbvcdcjjhvtcim.supabase.co/rest/v1/site_settings?select=value&key=eq.hero_images_mobile => [200] 
[GET] https://vzvlwcmbvcdcjjhvtcim.supabase.co/rest/v1/site_settings?select=value&key=eq.hero_image_url => [200] 
[GET] https://vzvlwcmbvcdcjjhvtcim.supabase.co/rest/v1/site_settings?select=value&key=eq.banner_enabled => [200] 
[GET] https://vzvlwcmbvcdcjjhvtcim.supabase.co/rest/v1/site_settings?select=value&key=eq.banner_text => [200] 
[POST] https://vzvlwcmbvcdcjjhvtcim.supabase.co/rest/v1/site_settings => [200] 
[POST] https://vzvlwcmbvcdcjjhvtcim.supabase.co/rest/v1/site_settings => [200] 
[POST] https://vzvlwcmbvcdcjjhvtcim.supabase.co/rest/v1/site_settings => [200] 
[POST] https://vzvlwcmbvcdcjjhvtcim.supabase.co/rest/v1/site_settings => [200] 
[GET] https://vzvlwcmbvcdcjjhvtcim.supabase.co/rest/v1/products?select=*&order=created_at.desc => [200] 
[GET] https://images.unsplash.com/photo-1583391733958-84b2e1b10620?q=80&w=1200&auto=format&fit=crop => [FAILED] net::ERR_BLOCKED_BY_ORB
[GET] https://images.unsplash.com/photo-1583391733958-84b2e1b10620?q=80&w=1200&auto=format&fit=crop => [FAILED] net::ERR_BLOCKED_BY_ORB
[POST] https://vzvlwcmbvcdcjjhvtcim.supabase.co/rest/v1/products?select=* => [201] 
[GET] https://vzvlwcmbvcdcjjhvtcim.supabase.co/rest/v1/products?select=*&order=created_at.desc => [200] 
[GET] https://vzvlwcmbvcdcjjhvtcim.supabase.co/rest/v1/orders?select=*&order=created_at.desc&offset=0&limit=30 => [200] 
[GET] https://vzvlwcmbvcdcjjhvtcim.supabase.co/rest/v1/reviews?select=*%2Cproducts%28id%2Cname%29&order=created_at.desc => [200] 
[GET] https://images.unsplash.com/photo-1583391733958-84b2e1b10620?q=80&w=1200&auto=format&fit=crop => [FAILED] net::ERR_BLOCKED_BY_ORB
[GET] https://vzvlwcmbvcdcjjhvtcim.supabase.co/rest/v1/products?select=*&order=created_at.desc => [200] 
[GET] https://images.unsplash.com/photo-1583391733958-84b2e1b10620?q=80&w=1200&auto=format&fit=crop => [FAILED] net::ERR_BLOCKED_BY_ORB